<?xml version="1.0" encoding="UTF-8"?>
<!-- Generated by org.testng.reporters.JUnitReportReporter -->
<testsuite hostname="DESKTOP-8C0LO3K" failures="0" tests="1" name="com.demoshop.tests.LoginTest2" time="9.622" errors="0" timestamp="2024-09-23T12:48:20 IST" skipped="0">
  <testcase classname="com.demoshop.tests.LoginTest2" name="verifyUserIsAbleToLoginWithValidCreds" time="9.622"/>
</testsuite> <!-- com.demoshop.tests.LoginTest2 -->
