<?xml version="1.0" encoding="UTF-8"?>
<!-- Generated by org.testng.reporters.JUnitReportReporter -->
<testsuite hostname="DESKTOP-8C0LO3K" failures="0" tests="1" name="com.demoshop.tests.ExcelRegisterationTest" time="11.381" errors="0" timestamp="2024-10-10T12:26:26 IST" skipped="0">
  <testcase classname="com.demoshop.tests.ExcelRegisterationTest" name="verifyUserIsAbleToRegisterUsingCorrectCreds" time="11.381"/>
</testsuite> <!-- com.demoshop.tests.ExcelRegisterationTest -->
