<?xml version="1.0" encoding="UTF-8"?>
<!-- Generated by org.testng.reporters.JUnitReportReporter -->
<testsuite hostname="DESKTOP-8C0LO3K" failures="0" tests="1" name="com.demoshop.tests.E2ECheckoutTest" time="8.468" errors="0" timestamp="2024-10-07T19:40:07 IST" skipped="0">
  <testcase classname="com.demoshop.tests.E2ECheckoutTest" name="verifyNewUserRegistersAndCheckoutProduct" time="8.468"/>
</testsuite> <!-- com.demoshop.tests.E2ECheckoutTest -->
