<?xml version="1.0" encoding="UTF-8"?>
<!-- Generated by org.testng.reporters.JUnitReportReporter -->
<testsuite hostname="DESKTOP-8C0LO3K" failures="0" tests="1" name="com.demoshop.tests.LoginTest" time="17.872" errors="0" timestamp="2024-09-25T13:03:48 IST" skipped="0">
  <testcase classname="com.demoshop.tests.LoginTest" name="verifyUserIsAbleToLoginWithValidCreds" time="17.872"/>
</testsuite> <!-- com.demoshop.tests.LoginTest -->
