<?xml version="1.0" encoding="UTF-8"?>
<!-- Generated by org.testng.reporters.JUnitReportReporter -->
<testsuite hostname="DESKTOP-8C0LO3K" failures="0" tests="1" name="com.demoshop.tests.SearchTest" time="8.106" errors="0" timestamp="2024-10-04T13:12:40 IST" skipped="0">
  <testcase classname="com.demoshop.tests.SearchTest" name="verifyUserIsAbletoSearchDesiredProducts" time="8.106"/>
</testsuite> <!-- com.demoshop.tests.SearchTest -->
