<?xml version="1.0" encoding="UTF-8"?>
<!-- Generated by org.testng.reporters.JUnitReportReporter -->
<testsuite hostname="DESKTOP-8C0LO3K" failures="0" tests="1" name="com.demoshop.tests.LoginTest" time="7.392" errors="0" timestamp="2024-09-24T12:33:51 IST" skipped="0">
  <testcase classname="com.demoshop.tests.LoginTest" name="verifyUserIsAbleToLoginWithValidCreds" time="7.392"/>
</testsuite> <!-- com.demoshop.tests.LoginTest -->
