<?xml version="1.0" encoding="UTF-8"?>
<!-- Generated by org.testng.reporters.JUnitReportReporter -->
<testsuite hostname="DESKTOP-8C0LO3K" failures="0" tests="1" name="com.demoshop.tests.RegisterationDP2" time="24.423" errors="0" timestamp="2024-10-03T12:45:49 IST" skipped="0">
  <testcase classname="com.demoshop.tests.RegisterationDP2" name="verifyUserIsAbleToMultipleRegisterUsingCorrectCreds" time="24.423"/>
</testsuite> <!-- com.demoshop.tests.RegisterationDP2 -->
