<?xml version="1.0" encoding="UTF-8"?>
<!-- Generated by org.testng.reporters.JUnitReportReporter -->
<testsuite hostname="DESKTOP-8C0LO3K" failures="0" tests="1" name="com.demoshop.tests.LoginTest" time="10.970" errors="0" timestamp="2024-09-23T12:43:09 IST" skipped="0">
  <testcase classname="com.demoshop.tests.LoginTest" name="verifyUserIsAbleToLoginWithValidCreds" time="10.970"/>
</testsuite> <!-- com.demoshop.tests.LoginTest -->
