<?xml version="1.0" encoding="UTF-8"?>
<!-- Generated by org.testng.reporters.JUnitReportReporter -->
<testsuite hostname="DESKTOP-8C0LO3K" failures="0" tests="1" name="com.demoshop.tests.RegisterationTest" time="9.349" errors="0" timestamp="2024-09-23T12:45:03 IST" skipped="0">
  <testcase classname="com.demoshop.tests.RegisterationTest" name="verifyUserIsAbleToRegisterUsingCorrectCreds" time="9.349"/>
</testsuite> <!-- com.demoshop.tests.RegisterationTest -->
