<?xml version="1.0" encoding="UTF-8"?>
<!-- Generated by org.testng.reporters.JUnitReportReporter -->
<testsuite hostname="DESKTOP-8C0LO3K" failures="0" tests="1" name="com.demoshop.tests.SubscriptionTest" time="6.756" errors="0" timestamp="2024-10-11T12:43:55 IST" skipped="0">
  <testcase classname="com.demoshop.tests.SubscriptionTest" name="verifyUserIsAbleToSubscribeWithValidEmail" time="6.756"/>
</testsuite> <!-- com.demoshop.tests.SubscriptionTest -->
