<?xml version="1.0" encoding="UTF-8"?>
<!-- Generated by org.testng.reporters.JUnitReportReporter -->
<testsuite hostname="DESKTOP-8C0LO3K" failures="0" tests="1" name="com.demoshop.tests.SearchTest" time="9.827" errors="0" timestamp="2024-10-10T12:49:31 IST" skipped="0">
  <testcase classname="com.demoshop.tests.SearchTest" name="verifyUserIsAbletoSearchDesiredProducts" time="9.827"/>
</testsuite> <!-- com.demoshop.tests.SearchTest -->
